Vivado Simulator v2025.1.0
Copyright 1986-2022 Xilinx, Inc. All Rights Reserved.
Copyright 2022-2025 Advanced Micro Devices, Inc. All Rights Reserved.
Running: /tools/Xilinx/2025.1/Vivado/bin/unwrapped/lnx64.o/xelab --incr --debug typical --relax --mt 8 -L xil_defaultlib -L unisims_ver -L secureip --snapshot tb_rvx_cam_nexys_func_impl xil_defaultlib.tb_rvx_cam_nexys xil_defaultlib.glbl -log elaborate.log 
Using 8 slave threads.
WARNING: [XSIM 43-3431] One or more environment variables have been detected which affect the operation of the C compiler. These are typically not set in standard installations and are not tested by AMD, however they may be appropriate for your system, so the flow will attempt to continue.  If errors occur, try running xelab with the "-mt off -v 1" switches to see more information from the C compiler. The following environment variables have been detected:
Starting static elaboration
Pass Through NonSizing Optimizer
WARNING: [VRFC 10-2861] module 'rvx_cam_nexys' does not have a parameter named GPIO_WIDTH [/home/animandal/vivado_projects/rvx_cam/rvx_cam.srcs/sim_1/new/tb_rvx_cam_nexys.v:35]
Completed static elaboration
Starting simulation data flow analysis
Completed simulation data flow analysis
Time Resolution for simulation is 1ps
Compiling module unisims_ver.OBUF
Compiling module unisims_ver.IBUF
Compiling module unisims_ver.BUFG
Compiling module unisims_ver.x_lut1_mux2
Compiling module unisims_ver.LUT1
Compiling module unisims_ver.FDRE_default
Compiling module unisims_ver.IOBUF
Compiling module unisims_ver.LUT6
Compiling module unisims_ver.LUT5
Compiling module unisims_ver.x_lut3_mux8
Compiling module unisims_ver.LUT3
Compiling module unisims_ver.MUXF7
Compiling module unisims_ver.MUXF8
Compiling module unisims_ver.RB36_INTERNAL_VLOG(DOA_REG=1,DOB...
Compiling module unisims_ver.RAMB36E1(DOA_REG=1,DOB_REG=1,RAM...
Compiling module unisims_ver.RB36_INTERNAL_VLOG(DOA_REG=1,DOB...
Compiling module unisims_ver.RAMB36E1(DOA_REG=1,DOB_REG=1,RAM...
Compiling module unisims_ver.FDCE_default
Compiling module unisims_ver.RB36_INTERNAL_VLOG(DOA_REG=1,DOB...
Compiling module unisims_ver.RAMB36E1(DOA_REG=1,DOB_REG=1,REA...
Compiling module unisims_ver.x_lut2_mux4
Compiling module unisims_ver.LUT2
Compiling module unisims_ver.LUT4
Compiling module unisims_ver.RB36_INTERNAL_VLOG(DOA_REG=1,DOB...
Compiling module unisims_ver.RAMB36E1(DOA_REG=1,DOB_REG=1,REA...
Compiling module unisims_ver.RB36_INTERNAL_VLOG(DOA_REG=1,DOB...
Compiling module unisims_ver.RAMB36E1(DOA_REG=1,DOB_REG=1,REA...
Compiling module unisims_ver.RB18_INTERNAL_VLOG(DOA_REG=1,DOB...
Compiling module unisims_ver.RAMB18E1(DOA_REG=1,DOB_REG=1,REA...
Compiling module xil_defaultlib.blk_mem_gen_0
Compiling module unisims_ver.PLLE2_ADV(CLKFBOUT_MULT=24,CLKIN...
Compiling module xil_defaultlib.clk_wiz_0_clk_wiz
Compiling module xil_defaultlib.clk_wiz_0
Compiling module unisims_ver.CARRY4
Compiling module xil_defaultlib.camera_get_pic
Compiling module xil_defaultlib.reg_init
Compiling module unisims_ver.FDSE_default
Compiling module xil_defaultlib.sccb_sender
Compiling module xil_defaultlib.camera_init
Compiling module unisims_ver.SRL16E_default
Compiling module unisims_ver.RB18_INTERNAL_VLOG(READ_WIDTH_A=...
Compiling module unisims_ver.RAMB18E1(READ_WIDTH_A=18,READ_WI...
Compiling module unisims_ver.RB18_INTERNAL_VLOG(DOB_REG=1,REA...
Compiling module unisims_ver.RAMB18E1(DOB_REG=1,READ_WIDTH_A=...
Compiling module xil_defaultlib.denoised_sobel_pipeline
Compiling module xil_defaultlib.vga_control
Compiling module unisims_ver.DSP48E1(ALUMODEREG=0,CARRYINREG=...
Compiling module unisims_ver.DSP48E1(ACASCREG=0,ADREG=0,ALUMO...
Compiling module unisims_ver.latchsre_ldce
Compiling module unisims_ver.LDCE
Compiling module xil_defaultlib.vga_display
Compiling module xil_defaultlib.camera_top
Compiling module xil_defaultlib.rvx_bus
Compiling module xil_defaultlib.rvx_core
Compiling module xil_defaultlib.rvx_gpio
Compiling module xil_defaultlib.rvx_mtimer
Compiling module unisims_ver.RB36_INTERNAL_VLOG(READ_WIDTH_A=...
Compiling module unisims_ver.RAMB36E1(INIT_00=256'b0110111100...
Compiling module unisims_ver.RB36_INTERNAL_VLOG(READ_WIDTH_A=...
Compiling module unisims_ver.RAMB36E1(INIT_00=256'b0110010000...
Compiling module xil_defaultlib.rvx_ram
Compiling module xil_defaultlib.rvx_spi
Compiling module xil_defaultlib.rvx_uart
Compiling module xil_defaultlib.rvx
Compiling module unisims_ver.OBUFT
Compiling module xil_defaultlib.rvx_cam_nexys
Compiling module xil_defaultlib.tb_rvx_cam_nexys
Compiling module xil_defaultlib.glbl
Built simulation snapshot tb_rvx_cam_nexys_func_impl
