Vivado Simulator v2025.1.0
Copyright 1986-2022 Xilinx, Inc. All Rights Reserved.
Copyright 2022-2025 Advanced Micro Devices, Inc. All Rights Reserved.
Running: /tools/Xilinx/2025.1/Vivado/bin/unwrapped/lnx64.o/xelab --incr --debug typical --relax --mt 8 -L xil_defaultlib -L blk_mem_gen_v8_4_11 -L unisims_ver -L unimacro_ver -L secureip -L xpm --snapshot tb_rvx_cam_nexys_behav xil_defaultlib.tb_rvx_cam_nexys xil_defaultlib.glbl -log elaborate.log 
Using 8 slave threads.
WARNING: [XSIM 43-3431] One or more environment variables have been detected which affect the operation of the C compiler. These are typically not set in standard installations and are not tested by AMD, however they may be appropriate for your system, so the flow will attempt to continue.  If errors occur, try running xelab with the "-mt off -v 1" switches to see more information from the C compiler. The following environment variables have been detected:
Starting static elaboration
Pass Through NonSizing Optimizer
Completed static elaboration
Starting simulation data flow analysis
Completed simulation data flow analysis
Time Resolution for simulation is 1ps
Compiling module xil_defaultlib.rvx_core
Compiling module xil_defaultlib.rvx_bus(NUM_DEVICES=6)
Compiling module xil_defaultlib.rvx_ram(MEMORY_INIT_FILE="gpio_c...
Compiling module xil_defaultlib.rvx_uart_default
Compiling module xil_defaultlib.rvx_mtimer_default
Compiling module xil_defaultlib.rvx_gpio(GPIO_WIDTH=3)
Compiling module xil_defaultlib.rvx_spi
Compiling module unisims_ver.IBUF
Compiling module unisims_ver.BUFG
Compiling module unisims_ver.PLLE2_ADV(CLKFBOUT_MULT=24,CLKIN...
Compiling module xil_defaultlib.clk_wiz_0_clk_wiz
Compiling module xil_defaultlib.clk_wiz_0
Compiling module xil_defaultlib.reg_init
Compiling module xil_defaultlib.sccb_sender
Compiling module xil_defaultlib.camera_init
Compiling module xil_defaultlib.camera_get_pic
Compiling module xil_defaultlib.denoised_sobel_pipeline
Compiling module blk_mem_gen_v8_4_11.blk_mem_gen_v8_4_11_output_stage...
Compiling module blk_mem_gen_v8_4_11.blk_mem_gen_v8_4_11_output_stage...
Compiling module blk_mem_gen_v8_4_11.blk_mem_gen_v8_4_11_softecc_outp...
Compiling module blk_mem_gen_v8_4_11.blk_mem_gen_v8_4_11_mem_module(C...
Compiling module blk_mem_gen_v8_4_11.blk_mem_axi_regs_fwd_v8_4(C_DATA...
Compiling module blk_mem_gen_v8_4_11.blk_mem_gen_v8_4_11(C_FAMILY="ar...
Compiling module xil_defaultlib.blk_mem_gen_0
Compiling module xil_defaultlib.vga_control
Compiling module xil_defaultlib.vga_display
Compiling module xil_defaultlib.camera_top
Compiling module xil_defaultlib.rvx(MEMORY_INIT_FILE="gpio_cam.h...
Compiling module xil_defaultlib.rvx_cam_nexys_default
Compiling module xil_defaultlib.tb_rvx_cam_nexys
Compiling module xil_defaultlib.glbl
Built simulation snapshot tb_rvx_cam_nexys_behav
